<?xml version="1.0" encoding="UTF-8"?>
<!-- Generated by org.testng.reporters.JUnitXMLReporter -->
<testsuite ignored="0" hostname="INBOOK_X1_SLIM" failures="2" tests="6" name="Test" time="80.197" errors="0" timestamp="2024-09-09T23:47:15 IST">
  <testcase classname="testCases.TC002_LoginTestDDT" name="registration" time="7.393"/>
  <testcase classname="testCases.TC002_LoginTestDDT" name="registration" time="7.524"/>
  <testcase classname="testCases.TC002_LoginTestDDT" name="registration" time="7.539"/>
  <testcase classname="testCases.TC002_LoginTestDDT" name="registration" time="21.623">
    <failure type="java.lang.AssertionError" message="null">
      <![CDATA[java.lang.AssertionError: null
at testCases.TC002_LoginTestDDT.registration(TC002_LoginTestDDT.java:72)
at java.base/java.util.ArrayList.forEach(ArrayList.java:1597)
... Removed 27 stack frames]]>
    </failure>
  </testcase> <!-- registration -->
  <testcase classname="testCases.TC002_LoginTestDDT" name="registration" time="7.948"/>
  <testcase classname="testCases.TC002_LoginTestDDT" name="registration" time="21.555">
    <failure type="java.lang.AssertionError" message="null">
      <![CDATA[java.lang.AssertionError: null
at testCases.TC002_LoginTestDDT.registration(TC002_LoginTestDDT.java:72)
at java.base/java.util.ArrayList.forEach(ArrayList.java:1597)
... Removed 27 stack frames]]>
    </failure>
  </testcase> <!-- registration -->
</testsuite> <!-- Test -->
