<?xml version="1.0" encoding="UTF-8"?>
<testng-results ignored="0" total="2" passed="2" failed="0" skipped="0">
  <reporter-output>
  </reporter-output>
  <suite started-at="2024-09-15T20:50:50 IST" name="Suite" finished-at="2024-09-15T20:51:05 IST" duration-ms="15368">
    <groups>
    </groups>
    <test started-at="2024-09-15T20:50:50 IST" name="Test" finished-at="2024-09-15T20:51:05 IST" duration-ms="15368">
      <class name="testCases.TC002_LoginTest">
        <test-method is-config="true" signature="setUp(java.lang.String,java.lang.String)[pri:0, instance:testCases.TC002_LoginTest@31d0e481]" started-at="2024-09-15T20:51:00 IST" name="setUp" finished-at="2024-09-15T20:51:04 IST" duration-ms="3516" status="PASS">
          <params>
            <param index="0">
              <value>
                <![CDATA[Windows]]>
              </value>
            </param>
            <param index="1">
              <value>
                <![CDATA[chrome]]>
              </value>
            </param>
          </params>
          <reporter-output>
          </reporter-output>
        </test-method> <!-- setUp -->
        <test-method signature="registration()[pri:0, instance:testCases.TC002_LoginTest@31d0e481]" started-at="2024-09-15T20:51:04 IST" name="registration" finished-at="2024-09-15T20:51:05 IST" duration-ms="1635" status="PASS">
          <reporter-output>
          </reporter-output>
        </test-method> <!-- registration -->
        <test-method is-config="true" signature="tearDown()[pri:0, instance:testCases.TC002_LoginTest@31d0e481]" started-at="2024-09-15T20:51:05 IST" name="tearDown" finished-at="2024-09-15T20:51:05 IST" duration-ms="140" status="PASS">
          <reporter-output>
          </reporter-output>
        </test-method> <!-- tearDown -->
      </class> <!-- testCases.TC002_LoginTest -->
      <class name="testCases.TC001_AccountRegistrationTest">
        <test-method is-config="true" signature="setUp(java.lang.String,java.lang.String)[pri:0, instance:testCases.TC001_AccountRegistrationTest@5a9d6f02]" started-at="2024-09-15T20:50:50 IST" name="setUp" finished-at="2024-09-15T20:50:57 IST" duration-ms="7220" status="PASS">
          <params>
            <param index="0">
              <value>
                <![CDATA[Windows]]>
              </value>
            </param>
            <param index="1">
              <value>
                <![CDATA[chrome]]>
              </value>
            </param>
          </params>
          <reporter-output>
          </reporter-output>
        </test-method> <!-- setUp -->
        <test-method signature="registration()[pri:0, instance:testCases.TC001_AccountRegistrationTest@5a9d6f02]" started-at="2024-09-15T20:50:57 IST" name="registration" finished-at="2024-09-15T20:51:00 IST" duration-ms="2585" status="PASS">
          <reporter-output>
          </reporter-output>
        </test-method> <!-- registration -->
        <test-method is-config="true" signature="tearDown()[pri:0, instance:testCases.TC001_AccountRegistrationTest@5a9d6f02]" started-at="2024-09-15T20:51:00 IST" name="tearDown" finished-at="2024-09-15T20:51:00 IST" duration-ms="222" status="PASS">
          <reporter-output>
          </reporter-output>
        </test-method> <!-- tearDown -->
      </class> <!-- testCases.TC001_AccountRegistrationTest -->
    </test> <!-- Test -->
  </suite> <!-- Suite -->
</testng-results>
